Flow report for Cycle_lsl
Wed Jun 05 08:01:58 2019
Quartus II Version 9.1 Build 222 10/21/2009 SJ Full Version


---------------------
; Table of Contents ;
---------------------
  1. Legal Notice
  2. Flow Summary
  3. Flow Settings
  4. Flow Non-Default Global Settings
  5. Flow Elapsed Time
  6. Flow OS Summary
  7. Flow Log



----------------
; Legal Notice ;
----------------
Copyright (C) 1991-2009 Altera Corporation
Your use of Altera Corporation's design tools, logic functions 
and other software and tools, and its AMPP partner logic 
functions, and any output files from any of the foregoing 
(including device programming or simulation files), and any 
associated documentation or information are expressly subject 
to the terms and conditions of the Altera Program License 
Subscription Agreement, Altera MegaCore Function License 
Agreement, or other applicable license agreement, including, 
without limitation, that your use is for the sole purpose of 
programming logic devices manufactured by Altera and sold by 
Altera or its authorized distributors.  Please refer to the 
applicable agreement for further details.



+-------------------------------------------------------------------------------+
; Flow Summary                                                                  ;
+------------------------------------+------------------------------------------+
; Flow Status                        ; Successful - Wed Jun 05 08:01:58 2019    ;
; Quartus II Version                 ; 9.1 Build 222 10/21/2009 SJ Full Version ;
; Revision Name                      ; Cycle_lsl                                ;
; Top-level Entity Name              ; Cycle_lsl                                ;
; Family                             ; Cyclone II                               ;
; Device                             ; EP2C35F672C6                             ;
; Timing Models                      ; Final                                    ;
; Met timing requirements            ; No                                       ;
; Total logic elements               ; 253 / 33,216 ( < 1 % )                   ;
;     Total combinational functions  ; 253 / 33,216 ( < 1 % )                   ;
;     Dedicated logic registers      ; 138 / 33,216 ( < 1 % )                   ;
; Total registers                    ; 138                                      ;
; Total pins                         ; 39 / 475 ( 8 % )                         ;
; Total virtual pins                 ; 0                                        ;
; Total memory bits                  ; 0 / 483,840 ( 0 % )                      ;
; Embedded Multiplier 9-bit elements ; 0 / 70 ( 0 % )                           ;
; Total PLLs                         ; 0 / 4 ( 0 % )                            ;
+------------------------------------+------------------------------------------+


+-----------------------------------------+
; Flow Settings                           ;
+-------------------+---------------------+
; Option            ; Setting             ;
+-------------------+---------------------+
; Start date & time ; 06/05/2019 08:01:42 ;
; Main task         ; Compilation         ;
; Revision Name     ; Cycle_lsl           ;
+-------------------+---------------------+


+--------------------------------------------------------------------------------------------------------------------------+
; Flow Non-Default Global Settings                                                                                         ;
+------------------------------------+--------------------------------------+---------------+-------------+----------------+
; Assignment Name                    ; Value                                ; Default Value ; Entity Name ; Section Id     ;
+------------------------------------+--------------------------------------+---------------+-------------+----------------+
; COMPILER_SIGNATURE_ID              ; 233515713049232.155969290110220      ; --            ; --          ; --             ;
; MAX_CORE_JUNCTION_TEMP             ; 85                                   ; --            ; --          ; --             ;
; MIN_CORE_JUNCTION_TEMP             ; 0                                    ; --            ; --          ; --             ;
; MISC_FILE                          ; D:/EDAÊµÑé/Cycle_final/Cycle_lsl.dpf ; --            ; --          ; --             ;
; PARTITION_COLOR                    ; 16764057                             ; --            ; --          ; Top            ;
; PARTITION_NETLIST_TYPE             ; SOURCE                               ; --            ; --          ; Top            ;
; USE_GENERATED_PHYSICAL_CONSTRAINTS ; Off                                  ; --            ; --          ; eda_blast_fpga ;
+------------------------------------+--------------------------------------+---------------+-------------+----------------+


+-----------------------------------------------------------------------------------------------------------------------------+
; Flow Elapsed Time                                                                                                           ;
+-------------------------+--------------+-------------------------+---------------------+------------------------------------+
; Module Name             ; Elapsed Time ; Average Processors Used ; Peak Virtual Memory ; Total CPU Time (on all processors) ;
+-------------------------+--------------+-------------------------+---------------------+------------------------------------+
; Analysis & Synthesis    ; 00:00:03     ; 1.0                     ; 271 MB              ; 00:00:03                           ;
; Fitter                  ; 00:00:06     ; 1.3                     ; 340 MB              ; 00:00:09                           ;
; Assembler               ; 00:00:02     ; 1.0                     ; 293 MB              ; 00:00:02                           ;
; Classic Timing Analyzer ; 00:00:01     ; 1.0                     ; 199 MB              ; 00:00:01                           ;
; Total                   ; 00:00:12     ; --                      ; --                  ; 00:00:15                           ;
+-------------------------+--------------+-------------------------+---------------------+------------------------------------+


+------------------------------------------------------------------------------------------+
; Flow OS Summary                                                                          ;
+-------------------------+------------------+---------------+------------+----------------+
; Module Name             ; Machine Hostname ; OS Name       ; OS Version ; Processor type ;
+-------------------------+------------------+---------------+------------+----------------+
; Analysis & Synthesis    ; uushilin         ; Windows Vista ; 6.2        ; x86_64         ;
; Fitter                  ; uushilin         ; Windows Vista ; 6.2        ; x86_64         ;
; Assembler               ; uushilin         ; Windows Vista ; 6.2        ; x86_64         ;
; Classic Timing Analyzer ; uushilin         ; Windows Vista ; 6.2        ; x86_64         ;
+-------------------------+------------------+---------------+------------+----------------+


------------
; Flow Log ;
------------
quartus_map --read_settings_files=on --write_settings_files=off Cycle_lsl -c Cycle_lsl
quartus_fit --read_settings_files=off --write_settings_files=off Cycle_lsl -c Cycle_lsl
quartus_asm --read_settings_files=off --write_settings_files=off Cycle_lsl -c Cycle_lsl
quartus_tan --read_settings_files=off --write_settings_files=off Cycle_lsl -c Cycle_lsl --timing_analysis_only



